<?xml version="1.0" encoding="UTF-8"?>
<!-- Generated by org.testng.reporters.JUnitXMLReporter -->
<testsuite ignored="0" hostname="DESKTOP-RSFGGM3" failures="2" tests="18" name="Test" time="48.984" errors="0" timestamp="2023-05-09T14:52:45 IST">
  <testcase classname="com.mohs10.scripts.HomeTest" name="JyotsnaLoginTestCase" time="2.374"/>
  <testcase classname="com.mohs10.scripts.HomeTest" name="JyotsnaLoginTestCase" time="1.466"/>
  <testcase classname="com.mohs10.scripts.HomeTest" name="JyotsnaLoginTestCase" time="1.852"/>
  <testcase classname="com.mohs10.scripts.HomeTest" name="JyotsnaLoginTestCase" time="1.689"/>
  <testcase classname="com.mohs10.scripts.HomeTest" name="JyotsnaLoginTestCase" time="1.515"/>
  <testcase classname="com.mohs10.scripts.HomeTest" name="JyotsnaLoginTestCase" time="1.811"/>
  <testcase classname="com.mohs10.scripts.HomeTest" name="JyotsnaLoginTestCase" time="1.48"/>
  <testcase classname="com.mohs10.scripts.HomeTest" name="JyotsnaLoginTestCase" time="2.166"/>
  <testcase classname="com.mohs10.scripts.HomeTest" name="JyotsnaLoginTestCase" time="2.717"/>
  <testcase classname="com.mohs10.scripts.HomeTest" name="JyotsnaLoginTestCase" time="2.242"/>
  <testcase classname="com.mohs10.scripts.HomeTest" name="JyotsnaLoginTestCase" time="1.501"/>
  <testcase classname="com.mohs10.scripts.HomeTest" name="JyotsnaLoginTestCase" time="2.159"/>
  <testcase classname="com.mohs10.scripts.HomeTest" name="JyotsnaLoginTestCase" time="1.682"/>
  <testcase classname="com.mohs10.scripts.HomeTest" name="JyotsnaLoginTestCase" time="1.662"/>
  <testcase classname="com.mohs10.scripts.HomeTest" name="JyotsnaLoginTestCase" time="1.048">
    <failure type="java.lang.AssertionError" message="expected [Invalid Username &amp;amp; Password] but found [Logout Successfully]">
      <![CDATA[java.lang.AssertionError: expected [Invalid Username & Password] but found [Logout Successfully]
at com.mohs10.reuse.CommonFuns.LoginJyotsna(CommonFuns.java:110)
at com.mohs10.scripts.HomeTest.JyotsnaLoginTestCase(HomeTest.java:24)
at java.base/java.util.ArrayList.forEach(ArrayList.java:1511)
... Removed 33 stack frames]]>
    </failure>
  </testcase> <!-- JyotsnaLoginTestCase -->
  <testcase classname="com.mohs10.scripts.HomeTest" name="JyotsnaLoginTestCase" time="1.034">
    <failure type="java.lang.AssertionError" message="expected [Invalid Username &amp;amp; Password] but found [Logout Successfully]">
      <![CDATA[java.lang.AssertionError: expected [Invalid Username & Password] but found [Logout Successfully]
at com.mohs10.reuse.CommonFuns.LoginJyotsna(CommonFuns.java:117)
at com.mohs10.scripts.HomeTest.JyotsnaLoginTestCase(HomeTest.java:24)
at java.base/java.util.ArrayList.forEach(ArrayList.java:1511)
... Removed 33 stack frames]]>
    </failure>
  </testcase> <!-- JyotsnaLoginTestCase -->
  <testcase classname="com.mohs10.scripts.HomeTest" name="JyotsnaLink" time="1.849"/>
  <testcase classname="com.mohs10.getData.getdata" name="testResponsecode" time="5.049"/>
</testsuite> <!-- Test -->
